<?xml version="1.0" encoding="UTF-8"?>
<!-- Generated by org.testng.reporters.JUnitXMLReporter -->
<testsuite hostname="LAPTOP-OI9FLFD4" ignored="1" name="Classes" tests="2" failures="1" timestamp="2020-08-16T22:56:15 IST" time="3.863" errors="0">
  <testcase name="getEmp" time="3.801" classname="apiScenarios.GetEmployee"/>
  <testcase name="getEmp" time="0.002" classname="apiScenarios.UpdateEmployee">
    <failure type="java.lang.NullPointerException">
      <![CDATA[java.lang.NullPointerException
at apiScenarios.UpdateEmployee.getEmp(UpdateEmployee.java:17)
at java.util.ArrayList.forEach(ArrayList.java:1257)
... Removed 27 stack frames]]>
    </failure>
  </testcase> <!-- getEmp -->
  <testcase name="@BeforeSuite setUp" time="0.0" classname="apiScenarios.Base">
    <ignored/>
  </testcase> <!-- @BeforeSuite setUp -->
</testsuite> <!-- Classes -->
