<?xml version="1.0" encoding="UTF-8"?>
<!-- Generated by org.testng.reporters.JUnitXMLReporter -->
<testsuite hostname="LAPTOP-OI9FLFD4" ignored="2" name="Test" tests="3" failures="2" timestamp="2020-08-16T22:53:07 IST" time="4.284" errors="0">
  <testcase name="getEmp" time="4.224" classname="apiScenarios.GetEmployee"/>
  <testcase name="getEmp" time="0.002" classname="apiScenarios.UpdateEmployee">
    <failure type="java.lang.NullPointerException">
      <![CDATA[java.lang.NullPointerException
at apiScenarios.UpdateEmployee.getEmp(UpdateEmployee.java:17)
at java.util.ArrayList.forEach(ArrayList.java:1257)
... Removed 27 stack frames]]>
    </failure>
  </testcase> <!-- getEmp -->
  <testcase name="createEmp" time="0.002" classname="apiScenarios.CreateEmployees">
    <failure type="java.lang.NullPointerException">
      <![CDATA[java.lang.NullPointerException
at apiScenarios.CreateEmployees.createEmp(CreateEmployees.java:18)
at java.util.ArrayList.forEach(ArrayList.java:1257)
... Removed 27 stack frames]]>
    </failure>
  </testcase> <!-- createEmp -->
  <testcase name="@BeforeSuite setUp" time="0.0" classname="apiScenarios.Base">
    <ignored/>
  </testcase> <!-- @BeforeSuite setUp -->
  <testcase name="@BeforeSuite setUp" time="0.0" classname="apiScenarios.Base">
    <ignored/>
  </testcase> <!-- @BeforeSuite setUp -->
</testsuite> <!-- Test -->
